gMapsTutorial/android/app/build/intermediates/manifest_merge_blame_file/debug/manifest-merger-blame-debug-report.txt
1<?xml version="1.0" encoding="utf-8"?>
2<manifest xmlns:android="http://schemas.android.com/apk/res/android"
3    package="com.gmapstutorial"
4    android:versionCode="1"
5    android:versionName="1.0" >
6
7    <uses-sdk
8        android:minSdkVersion="21"
9        android:targetSdkVersion="29" />
10
11    <uses-permission android:name="android.permission.SYSTEM_ALERT_WINDOW" />
11-->src\main\AndroidManifest.xml:4:3-75
11-->src\main\AndroidManifest.xml:4:20-73
12    <uses-permission android:name="android.permission.INTERNET" />
12-->src\main\AndroidManifest.xml:2:3-64
12-->src\main\AndroidManifest.xml:2:20-62
13    <uses-permission android:name="android.permission.READ_PHONE_STATE" />
13-->src\main\AndroidManifest.xml:5:3-72
13-->src\main\AndroidManifest.xml:5:20-70
14    <uses-permission android:name="android.permission.USE_FINGERPRINT" />
14-->src\main\AndroidManifest.xml:6:3-71
14-->src\main\AndroidManifest.xml:6:20-69
15    <uses-permission android:name="android.permission.USE_BIOMETRIC" />
15-->src\main\AndroidManifest.xml:7:3-69
15-->src\main\AndroidManifest.xml:7:20-67
16    <uses-permission android:name="android.permission.VIBRATE" />
16-->src\main\AndroidManifest.xml:8:3-63
16-->src\main\AndroidManifest.xml:8:20-61
17    <uses-permission android:name="android.permission.MODIFY_AUDIO_SETTINGS" /> <!-- These require runtime permissions on M -->
17-->src\main\AndroidManifest.xml:9:3-77
17-->src\main\AndroidManifest.xml:9:20-75
18    <uses-permission android:name="android.permission.ACCESS_COARSE_LOCATION" />
18-->src\main\AndroidManifest.xml:11:3-78
18-->src\main\AndroidManifest.xml:11:20-76
19    <uses-permission android:name="android.permission.ACCESS_FINE_LOCATION" />
19-->src\main\AndroidManifest.xml:12:3-76
19-->src\main\AndroidManifest.xml:12:20-74
20    <uses-permission android:name="android.permission.ACCESS_BACKGROUND_LOCATION" />
20-->src\main\AndroidManifest.xml:13:3-82
20-->src\main\AndroidManifest.xml:13:20-80
21    <uses-permission android:name="android.permission.CAMERA" />
21-->src\main\AndroidManifest.xml:14:3-62
21-->src\main\AndroidManifest.xml:14:20-60
22    <uses-permission android:name="android.permission.RECORD_AUDIO" />
22-->src\main\AndroidManifest.xml:15:3-68
22-->src\main\AndroidManifest.xml:15:20-66
23    <uses-permission android:name="android.permission.READ_CONTACTS" />
23-->src\main\AndroidManifest.xml:16:3-69
23-->src\main\AndroidManifest.xml:16:20-67
24    <uses-permission android:name="android.permission.WRITE_CONTACTS" />
24-->src\main\AndroidManifest.xml:17:3-70
24-->src\main\AndroidManifest.xml:17:20-68
25    <uses-permission android:name="android.permission.READ_CALENDAR" />
25-->src\main\AndroidManifest.xml:18:3-69
25-->src\main\AndroidManifest.xml:18:20-67
26    <uses-permission android:name="android.permission.WRITE_CALENDAR" />
26-->src\main\AndroidManifest.xml:19:3-70
26-->src\main\AndroidManifest.xml:19:20-68
27    <uses-permission android:name="android.permission.READ_EXTERNAL_STORAGE" />
27-->src\main\AndroidManifest.xml:20:3-77
27-->src\main\AndroidManifest.xml:20:20-75
28    <uses-permission android:name="android.permission.WRITE_EXTERNAL_STORAGE" />
28-->src\main\AndroidManifest.xml:21:3-78
28-->src\main\AndroidManifest.xml:21:20-76
29    <uses-permission android:name="android.permission.WRITE_SETTINGS" />
29-->src\main\AndroidManifest.xml:22:3-70
29-->src\main\AndroidManifest.xml:22:20-68
30    <uses-permission android:name="android.permission.ACCESS_WIFI_STATE" />
30-->[com.facebook.flipper:flipper:0.54.0] AndroidManifest.xml:16:5-76
30-->[com.facebook.flipper:flipper:0.54.0] AndroidManifest.xml:16:22-73
31    <uses-permission android:name="android.permission.ACCESS_NETWORK_STATE" />
31-->[:expo-updates] AndroidManifest.xml:11:5-79
31-->[:expo-updates] AndroidManifest.xml:11:22-76
32    <uses-permission android:name="android.permission.FOREGROUND_SERVICE" />
32-->[:expo-location] AndroidManifest.xml:13:5-77
32-->[:expo-location] AndroidManifest.xml:13:22-74
33
34    <uses-feature
34-->[com.google.android.gms:play-services-maps:17.0.0] AndroidManifest.xml:26:5-28:35
35        android:glEsVersion="0x00020000"
35-->[com.google.android.gms:play-services-maps:17.0.0] AndroidManifest.xml:27:9-41
36        android:required="true" />
36-->[com.google.android.gms:play-services-maps:17.0.0] AndroidManifest.xml:28:9-32
37
38    <uses-permission android:name="com.google.android.finsky.permission.BIND_GET_INSTALL_REFERRER_SERVICE" />
38-->[com.android.installreferrer:installreferrer:1.0] AndroidManifest.xml:9:5-110
38-->[com.android.installreferrer:installreferrer:1.0] AndroidManifest.xml:9:22-107
39    <uses-permission android:name="com.google.android.providers.gsf.permission.READ_GSERVICES" />
39-->[io.nlopez.smartlocation:library:3.2.11] AndroidManifest.xml:15:5-98
39-->[io.nlopez.smartlocation:library:3.2.11] AndroidManifest.xml:15:22-95
40    <uses-permission android:name="com.google.android.gms.permission.ACTIVITY_RECOGNITION" />
40-->[io.nlopez.smartlocation:library:3.2.11] AndroidManifest.xml:16:5-94
40-->[io.nlopez.smartlocation:library:3.2.11] AndroidManifest.xml:16:22-91
41
42    <application
42-->src\main\AndroidManifest.xml:24:3-56:17
43        android:name="com.gmapstutorial.MainApplication"
43-->src\main\AndroidManifest.xml:25:5-36
44        android:allowBackup="false"
44-->src\main\AndroidManifest.xml:29:5-32
45        android:appComponentFactory="androidx.core.app.CoreComponentFactory"
45-->[androidx.core:core:1.3.0] AndroidManifest.xml:24:18-86
46        android:debuggable="true"
47        android:icon="@mipmap/ic_launcher"
47-->src\main\AndroidManifest.xml:27:5-39
48        android:label="@string/app_name"
48-->src\main\AndroidManifest.xml:26:5-37
49        android:roundIcon="@mipmap/ic_launcher_round"
49-->src\main\AndroidManifest.xml:28:5-50
50        android:theme="@style/AppTheme"
50-->src\main\AndroidManifest.xml:30:5-36
51        android:usesCleartextTraffic="true" >
51-->src\debug\AndroidManifest.xml:6:18-53
52        <meta-data
52-->src\main\AndroidManifest.xml:32:5-103
53            android:name="expo.modules.updates.EXPO_UPDATE_URL"
53-->src\main\AndroidManifest.xml:32:16-67
54            android:value="YOUR-APP-URL-HERE" />
54-->src\main\AndroidManifest.xml:32:68-101
55        <meta-data
55-->src\main\AndroidManifest.xml:33:5-112
56            android:name="expo.modules.updates.EXPO_SDK_VERSION"
56-->src\main\AndroidManifest.xml:33:16-68
57            android:value="YOUR-APP-SDK-VERSION-HERE" /> <!-- Google Maps Additions -->
57-->src\main\AndroidManifest.xml:33:69-110
58        <meta-data
58-->src\main\AndroidManifest.xml:36:5-38:64
59            android:name="com.google.android.geo.API_KEY"
59-->src\main\AndroidManifest.xml:37:7-52
60            android:value="AIzaSyBOioG_vFXvfG6PeJ-ou4TSI9ytT6ImeG0" />
60-->src\main\AndroidManifest.xml:38:7-62
61
62        <uses-library
62-->src\main\AndroidManifest.xml:39:5-83
63            android:name="org.apache.http.legacy"
63-->src\main\AndroidManifest.xml:39:19-56
64            android:required="false" /> <!-- End Google Maps Additions -->
64-->src\main\AndroidManifest.xml:39:57-81
65        <activity
65-->src\main\AndroidManifest.xml:42:5-54:16
66            android:name="com.gmapstutorial.MainActivity"
66-->src\main\AndroidManifest.xml:43:7-35
67            android:configChanges="keyboard|keyboardHidden|orientation|screenSize|uiMode"
67-->src\main\AndroidManifest.xml:45:7-84
68            android:label="@string/app_name"
68-->src\main\AndroidManifest.xml:44:7-39
69            android:launchMode="singleTask"
69-->src\main\AndroidManifest.xml:46:7-38
70            android:theme="@style/Theme.App.SplashScreen"
70-->src\main\AndroidManifest.xml:48:7-52
71            android:windowSoftInputMode="adjustResize" >
71-->src\main\AndroidManifest.xml:47:7-49
72            <intent-filter>
72-->src\main\AndroidManifest.xml:50:7-53:23
73                <action android:name="android.intent.action.MAIN" />
73-->src\main\AndroidManifest.xml:51:9-60
73-->src\main\AndroidManifest.xml:51:17-58
74
75                <category android:name="android.intent.category.LAUNCHER" />
75-->src\main\AndroidManifest.xml:52:9-68
75-->src\main\AndroidManifest.xml:52:19-66
76            </intent-filter>
77        </activity>
78        <activity android:name="com.facebook.react.devsupport.DevSettingsActivity" />
78-->src\main\AndroidManifest.xml:55:5-81
78-->src\main\AndroidManifest.xml:55:15-79
79
80        <meta-data
80-->[:unimodules-react-native-adapter] AndroidManifest.xml:12:9-14:91
81            android:name="org.unimodules.core.AppLoader#react-native-headless"
81-->[:unimodules-react-native-adapter] AndroidManifest.xml:13:13-79
82            android:value="org.unimodules.adapters.react.apploader.RNHeadlessAppLoader" />
82-->[:unimodules-react-native-adapter] AndroidManifest.xml:14:13-88
83
84        <provider
84-->[:expo-file-system] AndroidManifest.xml:17:9-26:20
85            android:name="expo.modules.filesystem.FileSystemFileProvider"
85-->[:expo-file-system] AndroidManifest.xml:18:13-74
86            android:authorities="com.gmapstutorial.FileSystemFileProvider"
86-->[:expo-file-system] AndroidManifest.xml:19:13-74
87            android:exported="false"
87-->[:expo-file-system] AndroidManifest.xml:20:13-37
88            android:grantUriPermissions="true" >
88-->[:expo-file-system] AndroidManifest.xml:21:13-47
89            <meta-data
89-->[:expo-file-system] AndroidManifest.xml:23:13-25:70
90                android:name="android.support.FILE_PROVIDER_PATHS"
90-->[:expo-file-system] AndroidManifest.xml:24:17-67
91                android:resource="@xml/file_system_provider_paths" />
91-->[:expo-file-system] AndroidManifest.xml:25:17-67
92        </provider>
93
94        <service
94-->[:expo-location] AndroidManifest.xml:16:9-18:40
95            android:name="expo.modules.location.services.LocationTaskService"
95-->[:expo-location] AndroidManifest.xml:17:13-78
96            android:exported="false" />
96-->[:expo-location] AndroidManifest.xml:18:13-37
97
98        <activity
98-->[com.google.android.gms:play-services-base:17.0.0] AndroidManifest.xml:23:9-26:75
99            android:name="com.google.android.gms.common.api.GoogleApiActivity"
99-->[com.google.android.gms:play-services-base:17.0.0] AndroidManifest.xml:24:13-79
100            android:exported="false"
100-->[com.google.android.gms:play-services-base:17.0.0] AndroidManifest.xml:25:13-37
101            android:theme="@android:style/Theme.Translucent.NoTitleBar" />
101-->[com.google.android.gms:play-services-base:17.0.0] AndroidManifest.xml:26:13-72
102
103        <meta-data
103-->[com.google.android.gms:play-services-basement:17.0.0] AndroidManifest.xml:23:9-25:69
104            android:name="com.google.android.gms.version"
104-->[com.google.android.gms:play-services-basement:17.0.0] AndroidManifest.xml:24:13-58
105            android:value="@integer/google_play_services_version" />
105-->[com.google.android.gms:play-services-basement:17.0.0] AndroidManifest.xml:25:13-66
106
107        <service
107-->[androidx.room:room-runtime:2.1.0] AndroidManifest.xml:25:9-27:40
108            android:name="androidx.room.MultiInstanceInvalidationService"
108-->[androidx.room:room-runtime:2.1.0] AndroidManifest.xml:26:13-74
109            android:exported="false" />
109-->[androidx.room:room-runtime:2.1.0] AndroidManifest.xml:27:13-37
110        <service
110-->[io.nlopez.smartlocation:library:3.2.11] AndroidManifest.xml:19:9-21:40
111            android:name="io.nlopez.smartlocation.activity.providers.ActivityGooglePlayServicesProvider$ActivityRecognitionService"
111-->[io.nlopez.smartlocation:library:3.2.11] AndroidManifest.xml:20:13-132
112            android:exported="false" />
112-->[io.nlopez.smartlocation:library:3.2.11] AndroidManifest.xml:21:13-37
113        <service
113-->[io.nlopez.smartlocation:library:3.2.11] AndroidManifest.xml:22:9-24:40
114            android:name="io.nlopez.smartlocation.geofencing.providers.GeofencingGooglePlayServicesProvider$GeofencingService"
114-->[io.nlopez.smartlocation:library:3.2.11] AndroidManifest.xml:23:13-127
115            android:exported="false" />
115-->[io.nlopez.smartlocation:library:3.2.11] AndroidManifest.xml:24:13-37
116        <service
116-->[io.nlopez.smartlocation:library:3.2.11] AndroidManifest.xml:25:9-27:40
117            android:name="io.nlopez.smartlocation.geocoding.providers.AndroidGeocodingProvider$AndroidGeocodingService"
117-->[io.nlopez.smartlocation:library:3.2.11] AndroidManifest.xml:26:13-120
118            android:exported="false" />
118-->[io.nlopez.smartlocation:library:3.2.11] AndroidManifest.xml:27:13-37
119    </application>
120
121</manifest>